Command line:
   tb_timer_isim_beh.exe
     -simmode  gui
     -simrunnum  0
     -socket  49970

Wed Jan 24 17:35:22 2018


 Elaboration Time: 0.03125 sec

 Current Memory Usage: 876.696 Meg

 Total Signals          : 15
 Total Nets             : 101
 Total Signal Drivers   : 8
 Total Blocks           : 5
 Total Primitive Blocks : 4
 Total Processes        : 7
 Total Traceable Variables  : 10
 Total Scalar Nets and Variables : 479
Total Line Count : 15

 Total Simulation Time: 0.1875 sec

 Current Memory Usage: 719.409 Meg

Wed Jan 24 17:37:12 2018

