Running: fuse.exe -relaunch -intstyle "ise" -incremental -o "C:/Users/Thorsten/Desktop/klausur_picoblaze_timer/tb_timer_isim_beh.exe" -prj "C:/Users/Thorsten/Desktop/klausur_picoblaze_timer/tb_timer_beh.prj" "work.tb_timer" 
ISim P.20131013 (signature 0x7708f090)
Number of CPUs detected in this system: 4
Turning on mult-threading, number of parallel sub-compilation jobs: 8 
Determining compilation order of HDL files
Parsing VHDL file "C:/Users/Thorsten/Desktop/klausur_picoblaze_timer/timer_32bit.vhd" into library work
Parsing VHDL file "C:/Users/Thorsten/Desktop/klausur_picoblaze_timer/tb_timer.vhd" into library work
Starting static elaboration
Completed static elaboration
Compiling package standard
Compiling package std_logic_1164
Compiling package std_logic_arith
Compiling package std_logic_unsigned
Compiling architecture behavioral of entity timer_32bit [timer_32bit_default]
Compiling architecture behavior of entity tb_timer
Time Resolution for simulation is 1ps.
Compiled 7 VHDL Units
Built simulation executable C:/Users/Thorsten/Desktop/klausur_picoblaze_timer/tb_timer_isim_beh.exe
Fuse Memory Usage: 33920 KB
Fuse CPU Usage: 514 ms
